  stdafx.cpp
  MDF4_SimpleWriter.cpp
e:\reference\mdf4\asam-mdf4-lib\mdf4_lib_c++_for_linux\mdf4lib_linux\common\mdfile.h(143): warning C4996: 'unlink': The POSIX name for this item is deprecated. Instead, use the ISO C and C++ conformant name: _unlink. See online help for details.
  c:\program files (x86)\windows kits\10\include\10.0.10240.0\ucrt\stdio.h(380): note: see declaration of 'unlink'
e:\reference\mdf4\asam-mdf4-lib\mdf4_lib_c++_for_linux\mdf4lib_linux\common\mdf4.h(2100): warning C4267: 'return': conversion from 'size_t' to 'M_UINT32', possible loss of data
  mdFile.cpp
e:\reference\mdf4\asam-mdf4-lib\mdf4_lib_c++_for_linux\mdf4lib_linux\common\mdfile.h(143): warning C4996: 'unlink': The POSIX name for this item is deprecated. Instead, use the ISO C and C++ conformant name: _unlink. See online help for details.
  c:\program files (x86)\windows kits\10\include\10.0.10240.0\ucrt\stdio.h(380): note: see declaration of 'unlink'
  mdf4.cpp
e:\reference\mdf4\asam-mdf4-lib\mdf4_lib_c++_for_linux\mdf4lib_linux\common\mdfile.h(143): warning C4996: 'unlink': The POSIX name for this item is deprecated. Instead, use the ISO C and C++ conformant name: _unlink. See online help for details.
  c:\program files (x86)\windows kits\10\include\10.0.10240.0\ucrt\stdio.h(380): note: see declaration of 'unlink'
e:\reference\mdf4\asam-mdf4-lib\mdf4_lib_c++_for_linux\mdf4lib_linux\common\mdf4.h(2100): warning C4267: 'return': conversion from 'size_t' to 'M_UINT32', possible loss of data
e:\reference\mdf4\asam-mdf4-lib\mdf4_lib_c++_for_linux\mdf4lib_linux\common\miniz.c(1453): warning C4334: '<<': result of 32-bit shift implicitly converted to 64 bits (was 64-bit shift intended?)
e:\reference\mdf4\asam-mdf4-lib\mdf4_lib_c++_for_linux\mdf4lib_linux\common\mdf4.cpp(77): warning C4267: 'initializing': conversion from 'size_t' to 'M_UINT32', possible loss of data
e:\reference\mdf4\asam-mdf4-lib\mdf4_lib_c++_for_linux\mdf4lib_linux\common\mdf4.cpp(1032): warning C4838: conversion from 'unsigned __int64' to 'M_INT64' requires a narrowing conversion
e:\reference\mdf4\asam-mdf4-lib\mdf4_lib_c++_for_linux\mdf4lib_linux\common\mdf4.cpp(1277): warning C4244: '=': conversion from 'M_INT64' to 'double', possible loss of data
e:\reference\mdf4\asam-mdf4-lib\mdf4_lib_c++_for_linux\mdf4lib_linux\common\mdf4.cpp(1292): warning C4244: '=': conversion from 'double' to 'M_INT32', possible loss of data
e:\reference\mdf4\asam-mdf4-lib\mdf4_lib_c++_for_linux\mdf4lib_linux\common\mdf4.cpp(1294): warning C4244: '=': conversion from 'double' to 'M_INT32', possible loss of data
e:\reference\mdf4\asam-mdf4-lib\mdf4_lib_c++_for_linux\mdf4lib_linux\common\mdf4.cpp(1297): warning C4244: '=': conversion from 'double' to 'M_INT32', possible loss of data
e:\reference\mdf4\asam-mdf4-lib\mdf4_lib_c++_for_linux\mdf4lib_linux\common\mdf4.cpp(1538): warning C4244: 'initializing': conversion from 'double' to 'M_UINT32', possible loss of data
e:\reference\mdf4\asam-mdf4-lib\mdf4_lib_c++_for_linux\mdf4lib_linux\common\mdf4.cpp(1549): warning C4244: '=': conversion from 'double' to 'M_UINT32', possible loss of data
e:\reference\mdf4\asam-mdf4-lib\mdf4_lib_c++_for_linux\mdf4lib_linux\common\mdf4.cpp(1731): warning C4244: '=': conversion from 'M_UINT64' to 'M_UINT32', possible loss of data
e:\reference\mdf4\asam-mdf4-lib\mdf4_lib_c++_for_linux\mdf4lib_linux\common\mdf4.cpp(1733): warning C4244: '=': conversion from 'M_UINT64' to 'M_UINT32', possible loss of data
e:\reference\mdf4\asam-mdf4-lib\mdf4_lib_c++_for_linux\mdf4lib_linux\common\mdf4.cpp(1979): warning C4244: '=': conversion from 'M_UINT64' to 'M_UINT32', possible loss of data
e:\reference\mdf4\asam-mdf4-lib\mdf4_lib_c++_for_linux\mdf4lib_linux\common\mdf4.cpp(1981): warning C4244: '=': conversion from 'M_UINT64' to 'M_UINT32', possible loss of data
e:\reference\mdf4\asam-mdf4-lib\mdf4_lib_c++_for_linux\mdf4lib_linux\common\mdf4.cpp(1994): warning C4244: '=': conversion from 'double' to 'M_UINT32', possible loss of data
e:\reference\mdf4\asam-mdf4-lib\mdf4_lib_c++_for_linux\mdf4lib_linux\common\mdf4.cpp(2619): warning C4267: '=': conversion from 'size_t' to 'M_UINT32', possible loss of data
e:\reference\mdf4\asam-mdf4-lib\mdf4_lib_c++_for_linux\mdf4lib_linux\common\mdf4.cpp(3101): warning C4244: 'argument': conversion from 'M_UINT64' to 'M_UINT32', possible loss of data
e:\reference\mdf4\asam-mdf4-lib\mdf4_lib_c++_for_linux\mdf4lib_linux\common\mdf4.cpp(3239): warning C4244: 'initializing': conversion from 'M_SIZE' to 'M_UINT32', possible loss of data
e:\reference\mdf4\asam-mdf4-lib\mdf4_lib_c++_for_linux\mdf4lib_linux\common\mdf4.cpp(3244): warning C4244: 'argument': conversion from 'M_UINT64' to 'M_UINT32', possible loss of data
e:\reference\mdf4\asam-mdf4-lib\mdf4_lib_c++_for_linux\mdf4lib_linux\common\mdf4.cpp(3245): warning C4244: 'argument': conversion from 'M_UINT64' to 'M_UINT32', possible loss of data
e:\reference\mdf4\asam-mdf4-lib\mdf4_lib_c++_for_linux\mdf4lib_linux\common\mdf4.cpp(3253): warning C4244: 'argument': conversion from 'M_UINT64' to 'M_UINT32', possible loss of data
e:\reference\mdf4\asam-mdf4-lib\mdf4_lib_c++_for_linux\mdf4lib_linux\common\mdf4.cpp(3289): warning C4244: 'initializing': conversion from 'M_SIZE' to 'M_UINT32', possible loss of data
e:\reference\mdf4\asam-mdf4-lib\mdf4_lib_c++_for_linux\mdf4lib_linux\common\mdf4.cpp(3295): warning C4244: 'argument': conversion from 'M_UINT64' to 'M_UINT32', possible loss of data
e:\reference\mdf4\asam-mdf4-lib\mdf4_lib_c++_for_linux\mdf4lib_linux\common\mdf4.cpp(3296): warning C4244: 'argument': conversion from 'M_UINT64' to 'M_UINT32', possible loss of data
e:\reference\mdf4\asam-mdf4-lib\mdf4_lib_c++_for_linux\mdf4lib_linux\common\mdf4.cpp(3305): warning C4244: 'argument': conversion from 'M_UINT64' to 'M_UINT32', possible loss of data
e:\reference\mdf4\asam-mdf4-lib\mdf4_lib_c++_for_linux\mdf4lib_linux\common\mdf4.cpp(3365): warning C4244: 'initializing': conversion from 'M_SIZE' to 'M_UINT32', possible loss of data
e:\reference\mdf4\asam-mdf4-lib\mdf4_lib_c++_for_linux\mdf4lib_linux\common\mdf4.cpp(3486): warning C4244: 'initializing': conversion from 'M_UINT64' to 'M_UINT32', possible loss of data
e:\reference\mdf4\asam-mdf4-lib\mdf4_lib_c++_for_linux\mdf4lib_linux\common\mdf4.cpp(3500): warning C4244: 'argument': conversion from 'M_UINT64' to 'M_UINT32', possible loss of data
  md5.cpp
  Generating Code...
  MDF4_SimpleWriter.vcxproj -> E:\reference\MDF4\ASAM-MDF4-LIB\MDF4_Lib_C++_for_linux\mdf4lib_linux\x64\Debug\MDF4_SimpleWriter.exe
  MDF4_SimpleWriter.vcxproj -> E:\reference\MDF4\ASAM-MDF4-LIB\MDF4_Lib_C++_for_linux\mdf4lib_linux\x64\Debug\MDF4_SimpleWriter.pdb (Full PDB)
